{"C:\\Users\\ahmed\\Documents\\Futureproof\\Lap1\\Week-3\\journal-backend\\app.js": {"path":"C:\\Users\\ahmed\\Documents\\Futureproof\\Lap1\\Week-3\\journal-backend\\app.js","statementMap":{"0":{"start":{"line":1,"column":16},"end":{"line":1,"column":34}},"1":{"start":{"line":2,"column":13},"end":{"line":2,"column":28}},"2":{"start":{"line":3,"column":19},"end":{"line":3,"column":41}},"3":{"start":{"line":4,"column":12},"end":{"line":4,"column":21}},"4":{"start":{"line":5,"column":16},"end":{"line":5,"column":43}},"5":{"start":{"line":8,"column":0},"end":{"line":8,"column":16}},"6":{"start":{"line":9,"column":0},"end":{"line":9,"column":27}},"7":{"start":{"line":12,"column":0},"end":{"line":14,"column":3}},"8":{"start":{"line":13,"column":1},"end":{"line":13,"column":40}},"9":{"start":{"line":17,"column":0},"end":{"line":17,"column":29}},"10":{"start":{"line":19,"column":0},"end":{"line":19,"column":21}}},"fnMap":{"0":{"name":"(anonymous_0)","decl":{"start":{"line":12,"column":13},"end":{"line":12,"column":14}},"loc":{"start":{"line":12,"column":27},"end":{"line":14,"column":1}},"line":12}},"branchMap":{},"s":{"0":3,"1":3,"2":3,"3":3,"4":3,"5":3,"6":3,"7":3,"8":0,"9":3,"10":3},"f":{"0":0},"b":{},"_coverageSchema":"1a1c01bbd47fc00a2c39e90264f33305004495a9","hash":"0d04bfb82b236e2c4ffe0c81995ef7682d6eaddf"}
,"C:\\Users\\ahmed\\Documents\\Futureproof\\Lap1\\Week-3\\journal-backend\\controllers\\journal.js": {"path":"C:\\Users\\ahmed\\Documents\\Futureproof\\Lap1\\Week-3\\journal-backend\\controllers\\journal.js","statementMap":{"0":{"start":{"line":1,"column":13},"end":{"line":1,"column":31}},"1":{"start":{"line":2,"column":11},"end":{"line":2,"column":24}},"2":{"start":{"line":3,"column":29},"end":{"line":3,"column":67}},"3":{"start":{"line":4,"column":16},"end":{"line":4,"column":34}},"4":{"start":{"line":6,"column":23},"end":{"line":14,"column":1}},"5":{"start":{"line":7,"column":1},"end":{"line":13,"column":2}},"6":{"start":{"line":8,"column":21},"end":{"line":8,"column":66}},"7":{"start":{"line":9,"column":18},"end":{"line":9,"column":46}},"8":{"start":{"line":10,"column":2},"end":{"line":10,"column":20}},"9":{"start":{"line":12,"column":2},"end":{"line":12,"column":22}},"10":{"start":{"line":16,"column":23},"end":{"line":38,"column":1}},"11":{"start":{"line":17,"column":18},"end":{"line":17,"column":21}},"12":{"start":{"line":18,"column":1},"end":{"line":37,"column":2}},"13":{"start":{"line":20,"column":21},"end":{"line":20,"column":66}},"14":{"start":{"line":21,"column":18},"end":{"line":21,"column":46}},"15":{"start":{"line":23,"column":2},"end":{"line":23,"column":37}},"16":{"start":{"line":25,"column":20},"end":{"line":25,"column":50}},"17":{"start":{"line":26,"column":17},"end":{"line":26,"column":87}},"18":{"start":{"line":27,"column":2},"end":{"line":27,"column":21}},"19":{"start":{"line":29,"column":2},"end":{"line":29,"column":31}},"20":{"start":{"line":31,"column":2},"end":{"line":31,"column":21}},"21":{"start":{"line":33,"column":2},"end":{"line":33,"column":68}},"22":{"start":{"line":34,"column":2},"end":{"line":34,"column":32}},"23":{"start":{"line":36,"column":2},"end":{"line":36,"column":22}},"24":{"start":{"line":40,"column":22},"end":{"line":71,"column":1}},"25":{"start":{"line":41,"column":16},"end":{"line":41,"column":26}},"26":{"start":{"line":42,"column":18},"end":{"line":42,"column":21}},"27":{"start":{"line":44,"column":1},"end":{"line":70,"column":2}},"28":{"start":{"line":46,"column":21},"end":{"line":46,"column":66}},"29":{"start":{"line":47,"column":18},"end":{"line":47,"column":46}},"30":{"start":{"line":49,"column":2},"end":{"line":49,"column":44}},"31":{"start":{"line":51,"column":20},"end":{"line":51,"column":50}},"32":{"start":{"line":52,"column":17},"end":{"line":52,"column":87}},"33":{"start":{"line":53,"column":2},"end":{"line":53,"column":28}},"34":{"start":{"line":55,"column":2},"end":{"line":55,"column":38}},"35":{"start":{"line":57,"column":22},"end":{"line":64,"column":4}},"36":{"start":{"line":58,"column":3},"end":{"line":63,"column":25}},"37":{"start":{"line":59,"column":4},"end":{"line":62,"column":6}},"38":{"start":{"line":63,"column":10},"end":{"line":63,"column":25}},"39":{"start":{"line":66,"column":2},"end":{"line":66,"column":72}},"40":{"start":{"line":67,"column":2},"end":{"line":67,"column":26}},"41":{"start":{"line":69,"column":2},"end":{"line":69,"column":22}},"42":{"start":{"line":73,"column":19},"end":{"line":89,"column":1}},"43":{"start":{"line":74,"column":16},"end":{"line":74,"column":26}},"44":{"start":{"line":75,"column":1},"end":{"line":88,"column":2}},"45":{"start":{"line":76,"column":21},"end":{"line":76,"column":66}},"46":{"start":{"line":77,"column":18},"end":{"line":77,"column":46}},"47":{"start":{"line":80,"column":26},"end":{"line":80,"column":71}},"48":{"start":{"line":80,"column":54},"end":{"line":80,"column":70}},"49":{"start":{"line":81,"column":2},"end":{"line":85,"column":3}},"50":{"start":{"line":82,"column":3},"end":{"line":82,"column":32}},"51":{"start":{"line":84,"column":3},"end":{"line":84,"column":41}},"52":{"start":{"line":87,"column":2},"end":{"line":87,"column":22}},"53":{"start":{"line":92,"column":26},"end":{"line":111,"column":1}},"54":{"start":{"line":93,"column":16},"end":{"line":93,"column":26}},"55":{"start":{"line":94,"column":1},"end":{"line":110,"column":2}},"56":{"start":{"line":95,"column":21},"end":{"line":95,"column":66}},"57":{"start":{"line":96,"column":18},"end":{"line":96,"column":46}},"58":{"start":{"line":97,"column":25},"end":{"line":104,"column":4}},"59":{"start":{"line":98,"column":3},"end":{"line":103,"column":4}},"60":{"start":{"line":99,"column":4},"end":{"line":99,"column":24}},"61":{"start":{"line":100,"column":4},"end":{"line":100,"column":17}},"62":{"start":{"line":102,"column":4},"end":{"line":102,"column":17}},"63":{"start":{"line":106,"column":2},"end":{"line":106,"column":75}},"64":{"start":{"line":107,"column":2},"end":{"line":107,"column":33}},"65":{"start":{"line":109,"column":2},"end":{"line":109,"column":22}},"66":{"start":{"line":113,"column":26},"end":{"line":132,"column":1}},"67":{"start":{"line":114,"column":16},"end":{"line":114,"column":26}},"68":{"start":{"line":115,"column":1},"end":{"line":131,"column":2}},"69":{"start":{"line":116,"column":21},"end":{"line":116,"column":66}},"70":{"start":{"line":117,"column":18},"end":{"line":117,"column":46}},"71":{"start":{"line":118,"column":25},"end":{"line":125,"column":4}},"72":{"start":{"line":119,"column":3},"end":{"line":124,"column":4}},"73":{"start":{"line":120,"column":4},"end":{"line":120,"column":24}},"74":{"start":{"line":121,"column":4},"end":{"line":121,"column":17}},"75":{"start":{"line":123,"column":4},"end":{"line":123,"column":17}},"76":{"start":{"line":127,"column":2},"end":{"line":127,"column":75}},"77":{"start":{"line":128,"column":2},"end":{"line":128,"column":33}},"78":{"start":{"line":130,"column":2},"end":{"line":130,"column":22}},"79":{"start":{"line":134,"column":28},"end":{"line":153,"column":1}},"80":{"start":{"line":135,"column":16},"end":{"line":135,"column":26}},"81":{"start":{"line":136,"column":1},"end":{"line":152,"column":2}},"82":{"start":{"line":137,"column":21},"end":{"line":137,"column":66}},"83":{"start":{"line":138,"column":18},"end":{"line":138,"column":46}},"84":{"start":{"line":139,"column":25},"end":{"line":146,"column":4}},"85":{"start":{"line":140,"column":3},"end":{"line":145,"column":4}},"86":{"start":{"line":141,"column":4},"end":{"line":141,"column":26}},"87":{"start":{"line":142,"column":4},"end":{"line":142,"column":17}},"88":{"start":{"line":144,"column":4},"end":{"line":144,"column":17}},"89":{"start":{"line":148,"column":2},"end":{"line":148,"column":75}},"90":{"start":{"line":149,"column":2},"end":{"line":149,"column":33}},"91":{"start":{"line":151,"column":2},"end":{"line":151,"column":22}},"92":{"start":{"line":156,"column":22},"end":{"line":175,"column":1}},"93":{"start":{"line":157,"column":23},"end":{"line":157,"column":33}},"94":{"start":{"line":158,"column":1},"end":{"line":174,"column":2}},"95":{"start":{"line":159,"column":21},"end":{"line":159,"column":66}},"96":{"start":{"line":160,"column":18},"end":{"line":160,"column":46}},"97":{"start":{"line":161,"column":25},"end":{"line":168,"column":4}},"98":{"start":{"line":162,"column":3},"end":{"line":166,"column":4}},"99":{"start":{"line":162,"column":16},"end":{"line":162,"column":17}},"100":{"start":{"line":163,"column":4},"end":{"line":165,"column":5}},"101":{"start":{"line":164,"column":5},"end":{"line":164,"column":33}},"102":{"start":{"line":167,"column":3},"end":{"line":167,"column":16}},"103":{"start":{"line":170,"column":2},"end":{"line":170,"column":75}},"104":{"start":{"line":171,"column":2},"end":{"line":171,"column":27}},"105":{"start":{"line":173,"column":2},"end":{"line":173,"column":22}},"106":{"start":{"line":178,"column":25},"end":{"line":197,"column":1}},"107":{"start":{"line":179,"column":23},"end":{"line":179,"column":33}},"108":{"start":{"line":180,"column":1},"end":{"line":196,"column":2}},"109":{"start":{"line":181,"column":21},"end":{"line":181,"column":66}},"110":{"start":{"line":182,"column":18},"end":{"line":182,"column":46}},"111":{"start":{"line":183,"column":25},"end":{"line":190,"column":4}},"112":{"start":{"line":184,"column":3},"end":{"line":188,"column":4}},"113":{"start":{"line":184,"column":16},"end":{"line":184,"column":17}},"114":{"start":{"line":185,"column":4},"end":{"line":187,"column":5}},"115":{"start":{"line":186,"column":5},"end":{"line":186,"column":36}},"116":{"start":{"line":189,"column":3},"end":{"line":189,"column":16}},"117":{"start":{"line":192,"column":2},"end":{"line":192,"column":75}},"118":{"start":{"line":193,"column":2},"end":{"line":193,"column":27}},"119":{"start":{"line":195,"column":2},"end":{"line":195,"column":22}},"120":{"start":{"line":199,"column":0},"end":{"line":209,"column":2}}},"fnMap":{"0":{"name":"(anonymous_0)","decl":{"start":{"line":6,"column":23},"end":{"line":6,"column":24}},"loc":{"start":{"line":6,"column":43},"end":{"line":14,"column":1}},"line":6},"1":{"name":"(anonymous_1)","decl":{"start":{"line":16,"column":23},"end":{"line":16,"column":24}},"loc":{"start":{"line":16,"column":43},"end":{"line":38,"column":1}},"line":16},"2":{"name":"(anonymous_2)","decl":{"start":{"line":40,"column":22},"end":{"line":40,"column":23}},"loc":{"start":{"line":40,"column":42},"end":{"line":71,"column":1}},"line":40},"3":{"name":"(anonymous_3)","decl":{"start":{"line":57,"column":34},"end":{"line":57,"column":35}},"loc":{"start":{"line":57,"column":47},"end":{"line":64,"column":3}},"line":57},"4":{"name":"(anonymous_4)","decl":{"start":{"line":73,"column":19},"end":{"line":73,"column":20}},"loc":{"start":{"line":73,"column":39},"end":{"line":89,"column":1}},"line":73},"5":{"name":"(anonymous_5)","decl":{"start":{"line":80,"column":41},"end":{"line":80,"column":42}},"loc":{"start":{"line":80,"column":54},"end":{"line":80,"column":70}},"line":80},"6":{"name":"(anonymous_6)","decl":{"start":{"line":92,"column":26},"end":{"line":92,"column":27}},"loc":{"start":{"line":92,"column":46},"end":{"line":111,"column":1}},"line":92},"7":{"name":"(anonymous_7)","decl":{"start":{"line":97,"column":37},"end":{"line":97,"column":38}},"loc":{"start":{"line":97,"column":48},"end":{"line":104,"column":3}},"line":97},"8":{"name":"(anonymous_8)","decl":{"start":{"line":113,"column":26},"end":{"line":113,"column":27}},"loc":{"start":{"line":113,"column":46},"end":{"line":132,"column":1}},"line":113},"9":{"name":"(anonymous_9)","decl":{"start":{"line":118,"column":37},"end":{"line":118,"column":38}},"loc":{"start":{"line":118,"column":48},"end":{"line":125,"column":3}},"line":118},"10":{"name":"(anonymous_10)","decl":{"start":{"line":134,"column":28},"end":{"line":134,"column":29}},"loc":{"start":{"line":134,"column":48},"end":{"line":153,"column":1}},"line":134},"11":{"name":"(anonymous_11)","decl":{"start":{"line":139,"column":37},"end":{"line":139,"column":38}},"loc":{"start":{"line":139,"column":48},"end":{"line":146,"column":3}},"line":139},"12":{"name":"(anonymous_12)","decl":{"start":{"line":156,"column":22},"end":{"line":156,"column":23}},"loc":{"start":{"line":156,"column":42},"end":{"line":175,"column":1}},"line":156},"13":{"name":"(anonymous_13)","decl":{"start":{"line":161,"column":37},"end":{"line":161,"column":38}},"loc":{"start":{"line":161,"column":48},"end":{"line":168,"column":3}},"line":161},"14":{"name":"(anonymous_14)","decl":{"start":{"line":178,"column":25},"end":{"line":178,"column":26}},"loc":{"start":{"line":178,"column":45},"end":{"line":197,"column":1}},"line":178},"15":{"name":"(anonymous_15)","decl":{"start":{"line":183,"column":37},"end":{"line":183,"column":38}},"loc":{"start":{"line":183,"column":48},"end":{"line":190,"column":3}},"line":183}},"branchMap":{"0":{"loc":{"start":{"line":58,"column":3},"end":{"line":63,"column":25}},"type":"if","locations":[{"start":{"line":58,"column":3},"end":{"line":63,"column":25}},{"start":{"line":63,"column":10},"end":{"line":63,"column":25}}],"line":58},"1":{"loc":{"start":{"line":81,"column":2},"end":{"line":85,"column":3}},"type":"if","locations":[{"start":{"line":81,"column":2},"end":{"line":85,"column":3}},{"start":{"line":83,"column":9},"end":{"line":85,"column":3}}],"line":81},"2":{"loc":{"start":{"line":98,"column":3},"end":{"line":103,"column":4}},"type":"if","locations":[{"start":{"line":98,"column":3},"end":{"line":103,"column":4}},{"start":{"line":101,"column":10},"end":{"line":103,"column":4}}],"line":98},"3":{"loc":{"start":{"line":119,"column":3},"end":{"line":124,"column":4}},"type":"if","locations":[{"start":{"line":119,"column":3},"end":{"line":124,"column":4}},{"start":{"line":122,"column":10},"end":{"line":124,"column":4}}],"line":119},"4":{"loc":{"start":{"line":140,"column":3},"end":{"line":145,"column":4}},"type":"if","locations":[{"start":{"line":140,"column":3},"end":{"line":145,"column":4}},{"start":{"line":143,"column":10},"end":{"line":145,"column":4}}],"line":140},"5":{"loc":{"start":{"line":163,"column":4},"end":{"line":165,"column":5}},"type":"if","locations":[{"start":{"line":163,"column":4},"end":{"line":165,"column":5}},{"start":{},"end":{}}],"line":163},"6":{"loc":{"start":{"line":185,"column":4},"end":{"line":187,"column":5}},"type":"if","locations":[{"start":{"line":185,"column":4},"end":{"line":187,"column":5}},{"start":{},"end":{}}],"line":185}},"s":{"0":3,"1":3,"2":3,"3":3,"4":3,"5":1,"6":1,"7":1,"8":1,"9":0,"10":3,"11":0,"12":0,"13":0,"14":0,"15":0,"16":0,"17":0,"18":0,"19":0,"20":0,"21":0,"22":0,"23":0,"24":3,"25":0,"26":0,"27":0,"28":0,"29":0,"30":0,"31":0,"32":0,"33":0,"34":0,"35":0,"36":0,"37":0,"38":0,"39":0,"40":0,"41":0,"42":3,"43":1,"44":1,"45":1,"46":1,"47":1,"48":2,"49":1,"50":1,"51":0,"52":0,"53":3,"54":1,"55":1,"56":1,"57":1,"58":1,"59":2,"60":1,"61":1,"62":1,"63":1,"64":1,"65":0,"66":3,"67":1,"68":1,"69":1,"70":1,"71":1,"72":2,"73":1,"74":1,"75":1,"76":1,"77":1,"78":0,"79":3,"80":1,"81":1,"82":1,"83":1,"84":1,"85":2,"86":1,"87":1,"88":1,"89":1,"90":1,"91":0,"92":3,"93":1,"94":1,"95":1,"96":1,"97":1,"98":2,"99":2,"100":3,"101":1,"102":2,"103":1,"104":1,"105":0,"106":3,"107":1,"108":1,"109":1,"110":1,"111":1,"112":2,"113":2,"114":3,"115":1,"116":2,"117":1,"118":1,"119":0,"120":3},"f":{"0":1,"1":0,"2":0,"3":0,"4":1,"5":2,"6":1,"7":2,"8":1,"9":2,"10":1,"11":2,"12":1,"13":2,"14":1,"15":2},"b":{"0":[0,0],"1":[1,0],"2":[1,1],"3":[1,1],"4":[1,1],"5":[1,2],"6":[1,2]},"_coverageSchema":"1a1c01bbd47fc00a2c39e90264f33305004495a9","hash":"d1c91011ec4404b139062e10f694e0e9f3328659"}
,"C:\\Users\\ahmed\\Documents\\Futureproof\\Lap1\\Week-3\\journal-backend\\routes\\journal.js": {"path":"C:\\Users\\ahmed\\Documents\\Futureproof\\Lap1\\Week-3\\journal-backend\\routes\\journal.js","statementMap":{"0":{"start":{"line":1,"column":16},"end":{"line":1,"column":34}},"1":{"start":{"line":2,"column":15},"end":{"line":2,"column":31}},"2":{"start":{"line":13,"column":4},"end":{"line":13,"column":37}},"3":{"start":{"line":15,"column":0},"end":{"line":15,"column":59}},"4":{"start":{"line":16,"column":0},"end":{"line":16,"column":53}},"5":{"start":{"line":17,"column":0},"end":{"line":17,"column":37}},"6":{"start":{"line":18,"column":0},"end":{"line":18,"column":53}},"7":{"start":{"line":19,"column":0},"end":{"line":19,"column":53}},"8":{"start":{"line":20,"column":0},"end":{"line":20,"column":57}},"9":{"start":{"line":21,"column":0},"end":{"line":21,"column":52}},"10":{"start":{"line":22,"column":0},"end":{"line":22,"column":58}},"11":{"start":{"line":24,"column":0},"end":{"line":24,"column":24}}},"fnMap":{},"branchMap":{},"s":{"0":3,"1":3,"2":3,"3":3,"4":3,"5":3,"6":3,"7":3,"8":3,"9":3,"10":3,"11":3},"f":{},"b":{},"_coverageSchema":"1a1c01bbd47fc00a2c39e90264f33305004495a9","hash":"f773e1465be422370788dddd88e3d3593c5f809f"}
}
