{"C:\\Users\\ahmed\\Documents\\Futureproof\\Lap1\\Week-3\\journal-backend\\app.js": {"path":"C:\\Users\\ahmed\\Documents\\Futureproof\\Lap1\\Week-3\\journal-backend\\app.js","statementMap":{"0":{"start":{"line":1,"column":16},"end":{"line":1,"column":34}},"1":{"start":{"line":2,"column":13},"end":{"line":2,"column":28}},"2":{"start":{"line":3,"column":19},"end":{"line":3,"column":41}},"3":{"start":{"line":4,"column":12},"end":{"line":4,"column":21}},"4":{"start":{"line":5,"column":16},"end":{"line":5,"column":43}},"5":{"start":{"line":8,"column":0},"end":{"line":8,"column":16}},"6":{"start":{"line":9,"column":0},"end":{"line":9,"column":27}},"7":{"start":{"line":12,"column":0},"end":{"line":14,"column":3}},"8":{"start":{"line":13,"column":1},"end":{"line":13,"column":40}},"9":{"start":{"line":17,"column":0},"end":{"line":17,"column":29}},"10":{"start":{"line":19,"column":0},"end":{"line":19,"column":21}}},"fnMap":{"0":{"name":"(anonymous_0)","decl":{"start":{"line":12,"column":13},"end":{"line":12,"column":14}},"loc":{"start":{"line":12,"column":27},"end":{"line":14,"column":1}},"line":12}},"branchMap":{},"s":{"0":3,"1":3,"2":3,"3":3,"4":3,"5":3,"6":3,"7":3,"8":0,"9":3,"10":3},"f":{"0":0},"b":{},"_coverageSchema":"1a1c01bbd47fc00a2c39e90264f33305004495a9","hash":"0d04bfb82b236e2c4ffe0c81995ef7682d6eaddf"}
,"C:\\Users\\ahmed\\Documents\\Futureproof\\Lap1\\Week-3\\journal-backend\\controllers\\journal.js": {"path":"C:\\Users\\ahmed\\Documents\\Futureproof\\Lap1\\Week-3\\journal-backend\\controllers\\journal.js","statementMap":{"0":{"start":{"line":1,"column":13},"end":{"line":1,"column":31}},"1":{"start":{"line":2,"column":11},"end":{"line":2,"column":24}},"2":{"start":{"line":3,"column":29},"end":{"line":3,"column":67}},"3":{"start":{"line":4,"column":16},"end":{"line":4,"column":34}},"4":{"start":{"line":6,"column":23},"end":{"line":14,"column":1}},"5":{"start":{"line":7,"column":1},"end":{"line":13,"column":2}},"6":{"start":{"line":8,"column":21},"end":{"line":8,"column":66}},"7":{"start":{"line":9,"column":18},"end":{"line":9,"column":46}},"8":{"start":{"line":10,"column":2},"end":{"line":10,"column":20}},"9":{"start":{"line":12,"column":2},"end":{"line":12,"column":21}},"10":{"start":{"line":16,"column":23},"end":{"line":38,"column":1}},"11":{"start":{"line":17,"column":18},"end":{"line":17,"column":21}},"12":{"start":{"line":18,"column":1},"end":{"line":37,"column":2}},"13":{"start":{"line":20,"column":21},"end":{"line":20,"column":66}},"14":{"start":{"line":21,"column":18},"end":{"line":21,"column":46}},"15":{"start":{"line":23,"column":2},"end":{"line":23,"column":37}},"16":{"start":{"line":25,"column":20},"end":{"line":25,"column":50}},"17":{"start":{"line":26,"column":17},"end":{"line":26,"column":87}},"18":{"start":{"line":27,"column":2},"end":{"line":27,"column":21}},"19":{"start":{"line":29,"column":2},"end":{"line":29,"column":31}},"20":{"start":{"line":31,"column":2},"end":{"line":31,"column":21}},"21":{"start":{"line":33,"column":2},"end":{"line":33,"column":68}},"22":{"start":{"line":34,"column":2},"end":{"line":34,"column":20}},"23":{"start":{"line":36,"column":2},"end":{"line":36,"column":21}},"24":{"start":{"line":40,"column":22},"end":{"line":73,"column":1}},"25":{"start":{"line":41,"column":16},"end":{"line":41,"column":26}},"26":{"start":{"line":42,"column":18},"end":{"line":42,"column":21}},"27":{"start":{"line":44,"column":1},"end":{"line":72,"column":2}},"28":{"start":{"line":46,"column":21},"end":{"line":46,"column":66}},"29":{"start":{"line":47,"column":18},"end":{"line":47,"column":46}},"30":{"start":{"line":49,"column":2},"end":{"line":49,"column":44}},"31":{"start":{"line":51,"column":20},"end":{"line":51,"column":50}},"32":{"start":{"line":52,"column":17},"end":{"line":52,"column":87}},"33":{"start":{"line":53,"column":2},"end":{"line":53,"column":28}},"34":{"start":{"line":55,"column":2},"end":{"line":55,"column":31}},"35":{"start":{"line":56,"column":2},"end":{"line":56,"column":34}},"36":{"start":{"line":58,"column":22},"end":{"line":66,"column":4}},"37":{"start":{"line":59,"column":3},"end":{"line":65,"column":25}},"38":{"start":{"line":60,"column":4},"end":{"line":60,"column":49}},"39":{"start":{"line":61,"column":4},"end":{"line":64,"column":6}},"40":{"start":{"line":65,"column":10},"end":{"line":65,"column":25}},"41":{"start":{"line":68,"column":2},"end":{"line":68,"column":72}},"42":{"start":{"line":69,"column":2},"end":{"line":69,"column":26}},"43":{"start":{"line":71,"column":2},"end":{"line":71,"column":21}},"44":{"start":{"line":75,"column":19},"end":{"line":91,"column":1}},"45":{"start":{"line":76,"column":16},"end":{"line":76,"column":26}},"46":{"start":{"line":77,"column":1},"end":{"line":90,"column":2}},"47":{"start":{"line":78,"column":21},"end":{"line":78,"column":66}},"48":{"start":{"line":79,"column":18},"end":{"line":79,"column":46}},"49":{"start":{"line":82,"column":26},"end":{"line":82,"column":71}},"50":{"start":{"line":82,"column":54},"end":{"line":82,"column":70}},"51":{"start":{"line":83,"column":2},"end":{"line":87,"column":3}},"52":{"start":{"line":84,"column":3},"end":{"line":84,"column":32}},"53":{"start":{"line":86,"column":3},"end":{"line":86,"column":41}},"54":{"start":{"line":89,"column":2},"end":{"line":89,"column":21}},"55":{"start":{"line":94,"column":26},"end":{"line":113,"column":1}},"56":{"start":{"line":95,"column":16},"end":{"line":95,"column":26}},"57":{"start":{"line":96,"column":1},"end":{"line":112,"column":2}},"58":{"start":{"line":97,"column":21},"end":{"line":97,"column":66}},"59":{"start":{"line":98,"column":18},"end":{"line":98,"column":46}},"60":{"start":{"line":99,"column":25},"end":{"line":106,"column":4}},"61":{"start":{"line":100,"column":3},"end":{"line":105,"column":4}},"62":{"start":{"line":101,"column":4},"end":{"line":101,"column":24}},"63":{"start":{"line":102,"column":4},"end":{"line":102,"column":17}},"64":{"start":{"line":104,"column":4},"end":{"line":104,"column":17}},"65":{"start":{"line":108,"column":2},"end":{"line":108,"column":75}},"66":{"start":{"line":109,"column":2},"end":{"line":109,"column":33}},"67":{"start":{"line":111,"column":2},"end":{"line":111,"column":21}},"68":{"start":{"line":115,"column":26},"end":{"line":134,"column":1}},"69":{"start":{"line":116,"column":16},"end":{"line":116,"column":26}},"70":{"start":{"line":117,"column":1},"end":{"line":133,"column":2}},"71":{"start":{"line":118,"column":21},"end":{"line":118,"column":66}},"72":{"start":{"line":119,"column":18},"end":{"line":119,"column":46}},"73":{"start":{"line":120,"column":25},"end":{"line":127,"column":4}},"74":{"start":{"line":121,"column":3},"end":{"line":126,"column":4}},"75":{"start":{"line":122,"column":4},"end":{"line":122,"column":24}},"76":{"start":{"line":123,"column":4},"end":{"line":123,"column":17}},"77":{"start":{"line":125,"column":4},"end":{"line":125,"column":17}},"78":{"start":{"line":129,"column":2},"end":{"line":129,"column":75}},"79":{"start":{"line":130,"column":2},"end":{"line":130,"column":33}},"80":{"start":{"line":132,"column":2},"end":{"line":132,"column":21}},"81":{"start":{"line":136,"column":28},"end":{"line":155,"column":1}},"82":{"start":{"line":137,"column":16},"end":{"line":137,"column":26}},"83":{"start":{"line":138,"column":1},"end":{"line":154,"column":2}},"84":{"start":{"line":139,"column":21},"end":{"line":139,"column":66}},"85":{"start":{"line":140,"column":18},"end":{"line":140,"column":46}},"86":{"start":{"line":141,"column":25},"end":{"line":148,"column":4}},"87":{"start":{"line":142,"column":3},"end":{"line":147,"column":4}},"88":{"start":{"line":143,"column":4},"end":{"line":143,"column":26}},"89":{"start":{"line":144,"column":4},"end":{"line":144,"column":17}},"90":{"start":{"line":146,"column":4},"end":{"line":146,"column":17}},"91":{"start":{"line":150,"column":2},"end":{"line":150,"column":75}},"92":{"start":{"line":151,"column":2},"end":{"line":151,"column":33}},"93":{"start":{"line":153,"column":2},"end":{"line":153,"column":21}},"94":{"start":{"line":158,"column":22},"end":{"line":178,"column":1}},"95":{"start":{"line":159,"column":23},"end":{"line":159,"column":33}},"96":{"start":{"line":160,"column":1},"end":{"line":177,"column":2}},"97":{"start":{"line":161,"column":21},"end":{"line":161,"column":66}},"98":{"start":{"line":162,"column":18},"end":{"line":162,"column":46}},"99":{"start":{"line":163,"column":25},"end":{"line":170,"column":4}},"100":{"start":{"line":164,"column":3},"end":{"line":168,"column":4}},"101":{"start":{"line":164,"column":16},"end":{"line":164,"column":17}},"102":{"start":{"line":165,"column":4},"end":{"line":167,"column":5}},"103":{"start":{"line":166,"column":5},"end":{"line":166,"column":33}},"104":{"start":{"line":169,"column":3},"end":{"line":169,"column":16}},"105":{"start":{"line":171,"column":2},"end":{"line":171,"column":30}},"106":{"start":{"line":173,"column":2},"end":{"line":173,"column":75}},"107":{"start":{"line":174,"column":2},"end":{"line":174,"column":27}},"108":{"start":{"line":176,"column":2},"end":{"line":176,"column":21}},"109":{"start":{"line":181,"column":25},"end":{"line":201,"column":1}},"110":{"start":{"line":182,"column":23},"end":{"line":182,"column":33}},"111":{"start":{"line":183,"column":1},"end":{"line":200,"column":2}},"112":{"start":{"line":184,"column":21},"end":{"line":184,"column":66}},"113":{"start":{"line":185,"column":18},"end":{"line":185,"column":46}},"114":{"start":{"line":186,"column":25},"end":{"line":193,"column":4}},"115":{"start":{"line":187,"column":3},"end":{"line":191,"column":4}},"116":{"start":{"line":187,"column":16},"end":{"line":187,"column":17}},"117":{"start":{"line":188,"column":4},"end":{"line":190,"column":5}},"118":{"start":{"line":189,"column":5},"end":{"line":189,"column":36}},"119":{"start":{"line":192,"column":3},"end":{"line":192,"column":16}},"120":{"start":{"line":194,"column":2},"end":{"line":194,"column":30}},"121":{"start":{"line":196,"column":2},"end":{"line":196,"column":75}},"122":{"start":{"line":197,"column":2},"end":{"line":197,"column":27}},"123":{"start":{"line":199,"column":2},"end":{"line":199,"column":21}},"124":{"start":{"line":203,"column":0},"end":{"line":213,"column":2}}},"fnMap":{"0":{"name":"(anonymous_0)","decl":{"start":{"line":6,"column":23},"end":{"line":6,"column":24}},"loc":{"start":{"line":6,"column":43},"end":{"line":14,"column":1}},"line":6},"1":{"name":"(anonymous_1)","decl":{"start":{"line":16,"column":23},"end":{"line":16,"column":24}},"loc":{"start":{"line":16,"column":43},"end":{"line":38,"column":1}},"line":16},"2":{"name":"(anonymous_2)","decl":{"start":{"line":40,"column":22},"end":{"line":40,"column":23}},"loc":{"start":{"line":40,"column":42},"end":{"line":73,"column":1}},"line":40},"3":{"name":"(anonymous_3)","decl":{"start":{"line":58,"column":34},"end":{"line":58,"column":35}},"loc":{"start":{"line":58,"column":47},"end":{"line":66,"column":3}},"line":58},"4":{"name":"(anonymous_4)","decl":{"start":{"line":75,"column":19},"end":{"line":75,"column":20}},"loc":{"start":{"line":75,"column":39},"end":{"line":91,"column":1}},"line":75},"5":{"name":"(anonymous_5)","decl":{"start":{"line":82,"column":41},"end":{"line":82,"column":42}},"loc":{"start":{"line":82,"column":54},"end":{"line":82,"column":70}},"line":82},"6":{"name":"(anonymous_6)","decl":{"start":{"line":94,"column":26},"end":{"line":94,"column":27}},"loc":{"start":{"line":94,"column":46},"end":{"line":113,"column":1}},"line":94},"7":{"name":"(anonymous_7)","decl":{"start":{"line":99,"column":37},"end":{"line":99,"column":38}},"loc":{"start":{"line":99,"column":48},"end":{"line":106,"column":3}},"line":99},"8":{"name":"(anonymous_8)","decl":{"start":{"line":115,"column":26},"end":{"line":115,"column":27}},"loc":{"start":{"line":115,"column":46},"end":{"line":134,"column":1}},"line":115},"9":{"name":"(anonymous_9)","decl":{"start":{"line":120,"column":37},"end":{"line":120,"column":38}},"loc":{"start":{"line":120,"column":48},"end":{"line":127,"column":3}},"line":120},"10":{"name":"(anonymous_10)","decl":{"start":{"line":136,"column":28},"end":{"line":136,"column":29}},"loc":{"start":{"line":136,"column":48},"end":{"line":155,"column":1}},"line":136},"11":{"name":"(anonymous_11)","decl":{"start":{"line":141,"column":37},"end":{"line":141,"column":38}},"loc":{"start":{"line":141,"column":48},"end":{"line":148,"column":3}},"line":141},"12":{"name":"(anonymous_12)","decl":{"start":{"line":158,"column":22},"end":{"line":158,"column":23}},"loc":{"start":{"line":158,"column":42},"end":{"line":178,"column":1}},"line":158},"13":{"name":"(anonymous_13)","decl":{"start":{"line":163,"column":37},"end":{"line":163,"column":38}},"loc":{"start":{"line":163,"column":48},"end":{"line":170,"column":3}},"line":163},"14":{"name":"(anonymous_14)","decl":{"start":{"line":181,"column":25},"end":{"line":181,"column":26}},"loc":{"start":{"line":181,"column":45},"end":{"line":201,"column":1}},"line":181},"15":{"name":"(anonymous_15)","decl":{"start":{"line":186,"column":37},"end":{"line":186,"column":38}},"loc":{"start":{"line":186,"column":48},"end":{"line":193,"column":3}},"line":186}},"branchMap":{"0":{"loc":{"start":{"line":59,"column":3},"end":{"line":65,"column":25}},"type":"if","locations":[{"start":{"line":59,"column":3},"end":{"line":65,"column":25}},{"start":{"line":65,"column":10},"end":{"line":65,"column":25}}],"line":59},"1":{"loc":{"start":{"line":83,"column":2},"end":{"line":87,"column":3}},"type":"if","locations":[{"start":{"line":83,"column":2},"end":{"line":87,"column":3}},{"start":{"line":85,"column":9},"end":{"line":87,"column":3}}],"line":83},"2":{"loc":{"start":{"line":100,"column":3},"end":{"line":105,"column":4}},"type":"if","locations":[{"start":{"line":100,"column":3},"end":{"line":105,"column":4}},{"start":{"line":103,"column":10},"end":{"line":105,"column":4}}],"line":100},"3":{"loc":{"start":{"line":121,"column":3},"end":{"line":126,"column":4}},"type":"if","locations":[{"start":{"line":121,"column":3},"end":{"line":126,"column":4}},{"start":{"line":124,"column":10},"end":{"line":126,"column":4}}],"line":121},"4":{"loc":{"start":{"line":142,"column":3},"end":{"line":147,"column":4}},"type":"if","locations":[{"start":{"line":142,"column":3},"end":{"line":147,"column":4}},{"start":{"line":145,"column":10},"end":{"line":147,"column":4}}],"line":142},"5":{"loc":{"start":{"line":165,"column":4},"end":{"line":167,"column":5}},"type":"if","locations":[{"start":{"line":165,"column":4},"end":{"line":167,"column":5}},{"start":{},"end":{}}],"line":165},"6":{"loc":{"start":{"line":188,"column":4},"end":{"line":190,"column":5}},"type":"if","locations":[{"start":{"line":188,"column":4},"end":{"line":190,"column":5}},{"start":{},"end":{}}],"line":188}},"s":{"0":3,"1":3,"2":3,"3":3,"4":3,"5":0,"6":0,"7":0,"8":0,"9":0,"10":3,"11":0,"12":0,"13":0,"14":0,"15":0,"16":0,"17":0,"18":0,"19":0,"20":0,"21":0,"22":0,"23":0,"24":3,"25":0,"26":0,"27":0,"28":0,"29":0,"30":0,"31":0,"32":0,"33":0,"34":0,"35":0,"36":0,"37":0,"38":0,"39":0,"40":0,"41":0,"42":0,"43":0,"44":3,"45":0,"46":0,"47":0,"48":0,"49":0,"50":0,"51":0,"52":0,"53":0,"54":0,"55":3,"56":0,"57":0,"58":0,"59":0,"60":0,"61":0,"62":0,"63":0,"64":0,"65":0,"66":0,"67":0,"68":3,"69":0,"70":0,"71":0,"72":0,"73":0,"74":0,"75":0,"76":0,"77":0,"78":0,"79":0,"80":0,"81":3,"82":0,"83":0,"84":0,"85":0,"86":0,"87":0,"88":0,"89":0,"90":0,"91":0,"92":0,"93":0,"94":3,"95":0,"96":0,"97":0,"98":0,"99":0,"100":0,"101":0,"102":0,"103":0,"104":0,"105":0,"106":0,"107":0,"108":0,"109":3,"110":0,"111":0,"112":0,"113":0,"114":0,"115":0,"116":0,"117":0,"118":0,"119":0,"120":0,"121":0,"122":0,"123":0,"124":3},"f":{"0":0,"1":0,"2":0,"3":0,"4":0,"5":0,"6":0,"7":0,"8":0,"9":0,"10":0,"11":0,"12":0,"13":0,"14":0,"15":0},"b":{"0":[0,0],"1":[0,0],"2":[0,0],"3":[0,0],"4":[0,0],"5":[0,0],"6":[0,0]},"_coverageSchema":"1a1c01bbd47fc00a2c39e90264f33305004495a9","hash":"13447bf4fd50b521a5aec680687c5a630fda32e8"}
,"C:\\Users\\ahmed\\Documents\\Futureproof\\Lap1\\Week-3\\journal-backend\\routes\\journal.js": {"path":"C:\\Users\\ahmed\\Documents\\Futureproof\\Lap1\\Week-3\\journal-backend\\routes\\journal.js","statementMap":{"0":{"start":{"line":1,"column":16},"end":{"line":1,"column":34}},"1":{"start":{"line":2,"column":15},"end":{"line":2,"column":31}},"2":{"start":{"line":13,"column":4},"end":{"line":13,"column":37}},"3":{"start":{"line":15,"column":0},"end":{"line":15,"column":59}},"4":{"start":{"line":16,"column":0},"end":{"line":16,"column":53}},"5":{"start":{"line":17,"column":0},"end":{"line":17,"column":37}},"6":{"start":{"line":18,"column":0},"end":{"line":18,"column":53}},"7":{"start":{"line":19,"column":0},"end":{"line":19,"column":53}},"8":{"start":{"line":20,"column":0},"end":{"line":20,"column":57}},"9":{"start":{"line":21,"column":0},"end":{"line":21,"column":52}},"10":{"start":{"line":22,"column":0},"end":{"line":22,"column":58}},"11":{"start":{"line":24,"column":0},"end":{"line":24,"column":24}}},"fnMap":{},"branchMap":{},"s":{"0":3,"1":3,"2":3,"3":3,"4":3,"5":3,"6":3,"7":3,"8":3,"9":3,"10":3,"11":3},"f":{},"b":{},"_coverageSchema":"1a1c01bbd47fc00a2c39e90264f33305004495a9","hash":"f773e1465be422370788dddd88e3d3593c5f809f"}
}
