TN:
SF:app.js
FN:12,(anonymous_0)
FNF:1
FNH:0
FNDA:0,(anonymous_0)
DA:1,3
DA:2,3
DA:3,3
DA:4,3
DA:5,3
DA:8,3
DA:9,3
DA:12,3
DA:13,0
DA:17,3
DA:19,3
LF:11
LH:10
BRF:0
BRH:0
end_of_record
TN:
SF:controllers\journal.js
FN:6,(anonymous_0)
FN:16,(anonymous_1)
FN:40,(anonymous_2)
FN:57,(anonymous_3)
FN:73,(anonymous_4)
FN:80,(anonymous_5)
FN:92,(anonymous_6)
FN:97,(anonymous_7)
FN:113,(anonymous_8)
FN:118,(anonymous_9)
FN:134,(anonymous_10)
FN:139,(anonymous_11)
FN:156,(anonymous_12)
FN:161,(anonymous_13)
FN:178,(anonymous_14)
FN:183,(anonymous_15)
FNF:16
FNH:13
FNDA:1,(anonymous_0)
FNDA:0,(anonymous_1)
FNDA:0,(anonymous_2)
FNDA:0,(anonymous_3)
FNDA:1,(anonymous_4)
FNDA:2,(anonymous_5)
FNDA:1,(anonymous_6)
FNDA:2,(anonymous_7)
FNDA:1,(anonymous_8)
FNDA:2,(anonymous_9)
FNDA:1,(anonymous_10)
FNDA:2,(anonymous_11)
FNDA:1,(anonymous_12)
FNDA:2,(anonymous_13)
FNDA:1,(anonymous_14)
FNDA:2,(anonymous_15)
DA:1,3
DA:2,3
DA:3,3
DA:4,3
DA:6,3
DA:7,1
DA:8,1
DA:9,1
DA:10,1
DA:12,0
DA:16,3
DA:17,0
DA:18,0
DA:20,0
DA:21,0
DA:23,0
DA:25,0
DA:26,0
DA:27,0
DA:29,0
DA:31,0
DA:33,0
DA:34,0
DA:36,0
DA:40,3
DA:41,0
DA:42,0
DA:44,0
DA:46,0
DA:47,0
DA:49,0
DA:51,0
DA:52,0
DA:53,0
DA:55,0
DA:57,0
DA:58,0
DA:59,0
DA:63,0
DA:66,0
DA:67,0
DA:69,0
DA:73,3
DA:74,1
DA:75,1
DA:76,1
DA:77,1
DA:80,2
DA:81,1
DA:82,1
DA:84,0
DA:87,0
DA:92,3
DA:93,1
DA:94,1
DA:95,1
DA:96,1
DA:97,1
DA:98,2
DA:99,1
DA:100,1
DA:102,1
DA:106,1
DA:107,1
DA:109,0
DA:113,3
DA:114,1
DA:115,1
DA:116,1
DA:117,1
DA:118,1
DA:119,2
DA:120,1
DA:121,1
DA:123,1
DA:127,1
DA:128,1
DA:130,0
DA:134,3
DA:135,1
DA:136,1
DA:137,1
DA:138,1
DA:139,1
DA:140,2
DA:141,1
DA:142,1
DA:144,1
DA:148,1
DA:149,1
DA:151,0
DA:156,3
DA:157,1
DA:158,1
DA:159,1
DA:160,1
DA:161,1
DA:162,2
DA:163,3
DA:164,1
DA:167,2
DA:170,1
DA:171,1
DA:173,0
DA:178,3
DA:179,1
DA:180,1
DA:181,1
DA:182,1
DA:183,1
DA:184,2
DA:185,3
DA:186,1
DA:189,2
DA:192,1
DA:193,1
DA:195,0
DA:199,3
LF:118
LH:80
BRDA:58,0,0,0
BRDA:58,0,1,0
BRDA:81,1,0,1
BRDA:81,1,1,0
BRDA:98,2,0,1
BRDA:98,2,1,1
BRDA:119,3,0,1
BRDA:119,3,1,1
BRDA:140,4,0,1
BRDA:140,4,1,1
BRDA:163,5,0,1
BRDA:163,5,1,2
BRDA:185,6,0,1
BRDA:185,6,1,2
BRF:14
BRH:11
end_of_record
TN:
SF:routes\journal.js
FNF:0
FNH:0
DA:1,3
DA:2,3
DA:13,3
DA:15,3
DA:16,3
DA:17,3
DA:18,3
DA:19,3
DA:20,3
DA:21,3
DA:22,3
DA:24,3
LF:12
LH:12
BRF:0
BRH:0
end_of_record
