TN:
SF:app.js
FN:12,(anonymous_0)
FNF:1
FNH:0
FNDA:0,(anonymous_0)
DA:1,3
DA:2,3
DA:3,3
DA:4,3
DA:5,3
DA:8,3
DA:9,3
DA:12,3
DA:13,0
DA:17,3
DA:19,3
LF:11
LH:10
BRF:0
BRH:0
end_of_record
TN:
SF:controllers\journal.js
FN:6,(anonymous_0)
FN:16,(anonymous_1)
FN:41,(anonymous_2)
FN:58,(anonymous_3)
FN:74,(anonymous_4)
FN:81,(anonymous_5)
FN:93,(anonymous_6)
FN:98,(anonymous_7)
FN:114,(anonymous_8)
FN:119,(anonymous_9)
FN:135,(anonymous_10)
FN:140,(anonymous_11)
FN:157,(anonymous_12)
FN:162,(anonymous_13)
FN:180,(anonymous_14)
FN:185,(anonymous_15)
FNF:16
FNH:13
FNDA:1,(anonymous_0)
FNDA:0,(anonymous_1)
FNDA:0,(anonymous_2)
FNDA:0,(anonymous_3)
FNDA:1,(anonymous_4)
FNDA:20,(anonymous_5)
FNDA:1,(anonymous_6)
FNDA:20,(anonymous_7)
FNDA:1,(anonymous_8)
FNDA:20,(anonymous_9)
FNDA:1,(anonymous_10)
FNDA:20,(anonymous_11)
FNDA:1,(anonymous_12)
FNDA:11,(anonymous_13)
FNDA:1,(anonymous_14)
FNDA:11,(anonymous_15)
DA:1,3
DA:2,3
DA:3,3
DA:4,3
DA:6,3
DA:7,1
DA:8,1
DA:9,1
DA:10,1
DA:12,0
DA:16,3
DA:17,0
DA:18,0
DA:20,0
DA:21,0
DA:23,0
DA:25,0
DA:26,0
DA:27,0
DA:29,0
DA:31,0
DA:33,0
DA:34,0
DA:35,0
DA:37,0
DA:41,3
DA:42,0
DA:43,0
DA:45,0
DA:47,0
DA:48,0
DA:50,0
DA:52,0
DA:53,0
DA:54,0
DA:56,0
DA:58,0
DA:59,0
DA:60,0
DA:64,0
DA:67,0
DA:68,0
DA:70,0
DA:74,3
DA:75,1
DA:76,1
DA:77,1
DA:78,1
DA:81,20
DA:82,1
DA:83,1
DA:85,0
DA:88,0
DA:93,3
DA:94,1
DA:95,1
DA:96,1
DA:97,1
DA:98,1
DA:99,20
DA:100,1
DA:101,1
DA:103,19
DA:107,1
DA:108,1
DA:110,0
DA:114,3
DA:115,1
DA:116,1
DA:117,1
DA:118,1
DA:119,1
DA:120,20
DA:121,1
DA:122,1
DA:124,19
DA:128,1
DA:129,1
DA:131,0
DA:135,3
DA:136,1
DA:137,1
DA:138,1
DA:139,1
DA:140,1
DA:141,20
DA:142,1
DA:143,1
DA:145,19
DA:149,1
DA:150,1
DA:152,0
DA:157,3
DA:158,1
DA:159,1
DA:160,1
DA:161,1
DA:162,1
DA:163,11
DA:164,19
DA:165,9
DA:168,10
DA:170,0
DA:172,0
DA:173,0
DA:175,1
DA:180,3
DA:181,1
DA:182,1
DA:183,1
DA:184,1
DA:185,1
DA:186,11
DA:187,19
DA:188,9
DA:191,10
DA:193,0
DA:195,0
DA:196,0
DA:198,1
DA:202,3
LF:121
LH:78
BRDA:59,0,0,0
BRDA:59,0,1,0
BRDA:82,1,0,1
BRDA:82,1,1,0
BRDA:99,2,0,1
BRDA:99,2,1,19
BRDA:120,3,0,1
BRDA:120,3,1,19
BRDA:141,4,0,1
BRDA:141,4,1,19
BRDA:164,5,0,9
BRDA:164,5,1,10
BRDA:187,6,0,9
BRDA:187,6,1,10
BRF:14
BRH:11
end_of_record
TN:
SF:routes\journal.js
FNF:0
FNH:0
DA:1,3
DA:2,3
DA:13,3
DA:15,3
DA:16,3
DA:17,3
DA:18,3
DA:19,3
DA:20,3
DA:21,3
DA:22,3
DA:24,3
LF:12
LH:12
BRF:0
BRH:0
end_of_record
